<?xml version="1.0" encoding="UTF-8"?>
<testng-results skipped="0" failed="0" ignored="0" total="1" passed="1">
  <reporter-output>
  </reporter-output>
  <suite name="Suite" duration-ms="32837" started-at="2020-05-15T21:24:23 IST" finished-at="2020-05-15T21:24:56 IST">
    <groups>
    </groups>
    <test name="Test" duration-ms="32837" started-at="2020-05-15T21:24:23 IST" finished-at="2020-05-15T21:24:56 IST">
      <class name="DefaultPackage.Login">
        <test-method status="PASS" signature="Login()[pri:0, instance:DefaultPackage.Login@4b952a2d]" name="Login" duration-ms="32757" started-at="2020-05-15T21:24:23 IST" finished-at="2020-05-15T21:24:56 IST">
          <reporter-output>
          </reporter-output>
        </test-method> <!-- Login -->
      </class> <!-- DefaultPackage.Login -->
    </test> <!-- Test -->
  </suite> <!-- Suite -->
</testng-results>
